
> materia_virtualis_frontend@1.0.0 dev
> next dev -p 4001

▲ Next.js 16.1.1 (Turbopack)
- Local:         http://localhost:4001
- Network:       http://10.0.100.14:4001
- Environments: .env.local, .env
- Experiments (use with caution):
  ✓ optimizeCss
  · optimizePackageImports
  · serverActions

✓ Starting...
[baseline-browser-mapping] The data in this module is over two months old.  To ensure accurate Baseline data, please update: `npm i baseline-browser-mapping@latest -D`
✓ Ready in 850ms
[baseline-browser-mapping] The data in this module is over two months old.  To ensure accurate Baseline data, please update: `npm i baseline-browser-mapping@latest -D`
Warning: viewport meta tags should not be used in _document.js's <Head>. https://nextjs.org/docs/messages/no-document-viewport-meta
[32mInlined 3.63 kB (2% of original 155.60 kB) of _next/static/chunks/frontend_src_styles_globals_e243d1d5.css.[39m
Time 171.121511
 HEAD / 200 in 3.4s (compile: 3.1s, render: 287ms)
Warning: viewport meta tags should not be used in _document.js's <Head>. https://nextjs.org/docs/messages/no-document-viewport-meta
[32mInlined 3.90 kB (2% of original 155.60 kB) of _next/static/chunks/frontend_src_styles_globals_e243d1d5.css.[39m
Time 160.313943
 GET /auth/callback?token=eyJhbGciOiJIUzI1NiIsInR5cCI6IkpXVCJ9.eyJzdWIiOiIzODgzNSIsImNvdW5jaWxfbWVtYmVyX2lkIjoiMzg4MzUiLCJjb3VuY2lsX2lkIjoidmFscGFyYWlzby1kZS1nb2lhcyIsInJvbGUiOiJzZXJ2ZXIiLCJpc19wcmVzaWRlbnQiOmZhbHNlLCJpc19zdXBsZW50IjpmYWxzZSwiaWF0IjoxNzY5MTc5Njg3LCJleHAiOjE3NjkyNjYwODcsImF1ZCI6ImNvdW5jaWwtbWVtYmVycyIsImlzcyI6Im1hdGVyaWEtdmlydHVhbGlzIn0.rD1QiHe9HSfoJCxvod6ltqCf3aMRDBeein27bI5-M08&name=ODTWIN%20FRITSCHE%20FILHO&userId=38835 200 in 258ms (compile: 54ms, render: 204ms)
(node:841716) [DEP0060] DeprecationWarning: The `util._extend` API is deprecated. Please use Object.assign() instead.
(Use `node --trace-deprecation ...` to show where the warning was created)
